timestamp: 2015-01-13T08:41:33.833173
CREATE TABLE auth_user(
    id INTEGER PRIMARY KEY AUTOINCREMENT,
    first_name CHAR(128),
    last_name CHAR(128),
    email CHAR(512),
    password CHAR(512),
    registration_key CHAR(512),
    reset_password_key CHAR(512),
    registration_id CHAR(512)
);
success!
timestamp: 2015-01-13T08:41:33.846650
CREATE TABLE auth_group(
    id INTEGER PRIMARY KEY AUTOINCREMENT,
    role CHAR(512),
    description TEXT
);
success!
timestamp: 2015-01-13T08:41:33.862312
CREATE TABLE auth_membership(
    id INTEGER PRIMARY KEY AUTOINCREMENT,
    user_id INTEGER REFERENCES auth_user (id) ON DELETE CASCADE,
    group_id INTEGER REFERENCES auth_group (id) ON DELETE CASCADE
);
success!
timestamp: 2015-01-13T08:41:33.881925
CREATE TABLE auth_permission(
    id INTEGER PRIMARY KEY AUTOINCREMENT,
    group_id INTEGER REFERENCES auth_group (id) ON DELETE CASCADE,
    name CHAR(512),
    table_name CHAR(512),
    record_id INTEGER
);
success!
timestamp: 2015-01-13T08:41:33.905104
CREATE TABLE auth_event(
    id INTEGER PRIMARY KEY AUTOINCREMENT,
    time_stamp TIMESTAMP,
    client_ip CHAR(512),
    user_id INTEGER REFERENCES auth_user (id) ON DELETE CASCADE,
    origin CHAR(512),
    description TEXT
);
success!
timestamp: 2015-01-13T08:41:33.924339
CREATE TABLE auth_cas(
    id INTEGER PRIMARY KEY AUTOINCREMENT,
    user_id INTEGER REFERENCES auth_user (id) ON DELETE CASCADE,
    created_on TIMESTAMP,
    service CHAR(512),
    ticket CHAR(512),
    renew CHAR(1)
);
success!
timestamp: 2015-01-13T09:09:24.437675
CREATE TABLE bboard(
    id INTEGER PRIMARY KEY AUTOINCREMENT,
    name CHAR(512),
    phone CHAR(512),
    email CHAR(512),
    date_posted TIMESTAMP,
    bbmessage TEXT
);
success!
timestamp: 2015-01-13T09:41:35.576769
ALTER TABLE bboard ADD user_id INTEGER REFERENCES auth_user (id) ON DELETE CASCADE;
success!
timestamp: 2015-01-19T19:42:48.250149
CREATE TABLE image(
    id INTEGER PRIMARY KEY AUTOINCREMENT,
    title CHAR(512) UNIQUE,
    file CHAR(512)
);
success!
timestamp: 2015-01-19T19:48:11.505203
ALTER TABLE image ADD image_file CHAR(512);
success!
timestamp: 2015-01-19T19:48:11.517194
ALTER TABLE bboard ADD image_id INTEGER REFERENCES image (id) ON DELETE CASCADE;
success!
success!
success!
success!
success!
success!
success!
success!
success!
success!
success!
success!
success!
success!
success!
success!
success!
success!
success!
timestamp: 2015-01-19T20:19:28.983655
ALTER TABLE bboard ADD image_file CHAR(512);
success!
success!
success!
success!
success!
success!
success!
success!
success!
success!
success!
success!
success!
success!
success!
success!
success!
success!
success!
success!
success!
success!
success!
success!
success!
success!
success!
success!
success!
success!
success!
success!
success!
success!
success!
success!
success!
success!
success!
success!
success!
success!
success!
success!
success!
success!
success!
success!
success!
success!
success!
success!
success!
success!
success!
success!
success!
success!
success!
success!
success!
success!
success!
success!
success!
success!
success!
success!
success!
success!
success!
success!
success!
success!
success!
success!
success!
success!
success!
success!
success!
success!
success!
success!
success!
success!
success!
timestamp: 2015-01-20T21:08:29.632497
ALTER TABLE bboard ADD sold CHAR(1);
timestamp: 2015-01-20T21:08:29.637538
ALTER TABLE bboard ADD price DOUBLE;
success!
success!
success!
success!
success!
success!
success!
success!
success!
success!
success!
success!
success!
success!
success!
success!
success!
success!
success!
success!
success!
